[32m * [39;49;00mPackage:    dev-libs/gobject-introspection-1.72.0
[32m * [39;49;00mRepository: gentoo
[32m * [39;49;00mMaintainer: gnome@gentoo.org
[32m * [39;49;00mUSE:        abi_x86_64 amd64 elibc_glibc kernel_linux python_single_target_python3_10 test userland_GNU
[32m * [39;49;00mFEATURES:   network-sandbox preserve-libs sandbox test userpriv usersandbox
[32m * [39;49;00mPackage:    dev-libs/gobject-introspection-1.72.0
[32m * [39;49;00mRepository: gentoo
[32m * [39;49;00mMaintainer: gnome@gentoo.org
[32m * [39;49;00mUSE:        abi_x86_64 amd64 elibc_glibc kernel_linux python_single_target_python3_10 test userland_GNU
[32m * [39;49;00mFEATURES:   network-sandbox preserve-libs sandbox test userpriv usersandbox
 [32m*[0m Using python3.10 to build
>>> Unpacking source...
>>> Unpacking gobject-introspection-1.72.0.tar.xz to /etc/portage/package.tmp/portage/dev-libs/gobject-introspection-1.72.0/work
>>> Source unpacked in /etc/portage/package.tmp/portage/dev-libs/gobject-introspection-1.72.0/work
>>> Preparing source in /etc/portage/package.tmp/portage/dev-libs/gobject-introspection-1.72.0/work/gobject-introspection-1.72.0 ...
>>> Source prepared.
>>> Configuring source in /etc/portage/package.tmp/portage/dev-libs/gobject-introspection-1.72.0/work/gobject-introspection-1.72.0 ...
meson setup --libdir lib64 --localstatedir /var/lib --prefix /usr --sysconfdir /etc --wrap-mode nodownload --build.pkg-config-path /etc/portage/package.tmp/portage/dev-libs/gobject-introspection-1.72.0/temp/python3.10/pkgconfig:/usr/share/pkgconfig --pkg-config-path /etc/portage/package.tmp/portage/dev-libs/gobject-introspection-1.72.0/temp/python3.10/pkgconfig:/usr/share/pkgconfig --native-file /etc/portage/package.tmp/portage/dev-libs/gobject-introspection-1.72.0/temp/meson.x86_64-pc-linux-gnu.amd64.ini -Db_pch=false -Dwerror=false --buildtype plain -Dcairo=enabled -Ddoctool=disabled -Dgtk_doc=false -Dpython=python3.10 /etc/portage/package.tmp/portage/dev-libs/gobject-introspection-1.72.0/work/gobject-introspection-1.72.0 /etc/portage/package.tmp/portage/dev-libs/gobject-introspection-1.72.0/work/gobject-introspection-1.72.0-build
[1mThe Meson build system[0m
Version: 0.62.2
Source dir: [1m/etc/portage/package.tmp/portage/dev-libs/gobject-introspection-1.72.0/work/gobject-introspection-1.72.0[0m
Build dir: [1m/etc/portage/package.tmp/portage/dev-libs/gobject-introspection-1.72.0/work/gobject-introspection-1.72.0-build[0m
Build type: [1mnative build[0m
Project name: [1mgobject-introspection[0m
Project version: [1m1.72.0[0m
C compiler for the host machine: [1mclang[0m (clang 14.0.6 "clang version 14.0.6")
C linker for the host machine: [1mclang[0m ld.lld 14.0.6
Host machine cpu family: [1mx86_64[0m
Host machine cpu: [1mx86_64[0m
Program python3.10 found: [1;32mYES[0m (/usr/sbin/python3.10)
Compiler for C supports arguments -Warray-bounds: [1;31mNO[0m 
Compiler for C supports arguments -Wcast-align: [1;31mNO[0m 
Compiler for C supports arguments -Wdeclaration-after-statement: [1;31mNO[0m 
Compiler for C supports arguments -Wduplicated-branches: [1;31mNO[0m 
Compiler for C supports arguments -Wformat=2: [1;31mNO[0m 
Compiler for C supports arguments -Wformat-nonliteral: [1;31mNO[0m 
Compiler for C supports arguments -Wformat-security: [1;31mNO[0m 
Compiler for C supports arguments -Wimplicit-function-declaration: [1;31mNO[0m 
Compiler for C supports arguments -Winit-self: [1;31mNO[0m 
Compiler for C supports arguments -Wjump-misses-init: [1;31mNO[0m 
Compiler for C supports arguments -Wlogical-op: [1;31mNO[0m 
Compiler for C supports arguments -Wmissing-declarations: [1;31mNO[0m 
Compiler for C supports arguments -Wmissing-format-attribute: [1;31mNO[0m 
Compiler for C supports arguments -Wmissing-include-dirs: [1;31mNO[0m 
Compiler for C supports arguments -Wmissing-noreturn: [1;31mNO[0m 
Compiler for C supports arguments -Wmissing-prototypes: [1;31mNO[0m 
Compiler for C supports arguments -Wnested-externs: [1;31mNO[0m 
Compiler for C supports arguments -Wnull-dereference: [1;31mNO[0m 
Compiler for C supports arguments -Wold-style-definition: [1;31mNO[0m 
Compiler for C supports arguments -Wpacked: [1;31mNO[0m 
Compiler for C supports arguments -Wpointer-arith: [1;31mNO[0m 
Compiler for C supports arguments -Wrestrict: [1;31mNO[0m 
Compiler for C supports arguments -Wreturn-type: [1;31mNO[0m 
Compiler for C supports arguments -Wshadow: [1;31mNO[0m 
Compiler for C supports arguments -Wsign-compare: [1;31mNO[0m 
Compiler for C supports arguments -Wstrict-aliasing: [1;31mNO[0m 
Compiler for C supports arguments -Wstrict-prototypes: [1;31mNO[0m 
Compiler for C supports arguments -Wundef: [1;31mNO[0m 
Compiler for C supports arguments -Wunused-but-set-variable: [1;31mNO[0m 
Compiler for C supports arguments -Wwrite-strings: [1;31mNO[0m 
Compiler for C supports arguments -fno-strict-aliasing: [1;31mNO[0m 
Checking for size of "[1mchar[0m" : 1
Checking for size of "[1mshort[0m" : 2
Checking for size of "[1mint[0m" : 4
Checking for size of "[1mlong[0m" : 8
Found pkg-config: [1m/usr/sbin/x86_64-pc-linux-gnu-pkg-config[0m (1.8.0)
Run-time dependency [1mglib-2.0[0m found: [1;32mYES[0m [36m2.72.2[0m
Run-time dependency [1mgobject-2.0[0m found: [1;32mYES[0m [36m2.72.2[0m
Run-time dependency [1mgio-2.0[0m found: [1;32mYES[0m [36m2.72.2[0m
Run-time dependency [1mgmodule-2.0[0m found: [1;32mYES[0m [36m2.72.2[0m
Run-time dependency [1mgio-unix-2.0[0m found: [1;32mYES[0m [36m2.72.2[0m
Run-time dependency [1mlibffi[0m found: [1;32mYES[0m [36m3.4.2[0m
Configuring [1mconfig.h[0m using configuration

meson.build:166:3: [1;31mERROR:[0m C header 'Python.h' not usable

A full log can be found at [1m/etc/portage/package.tmp/portage/dev-libs/gobject-introspection-1.72.0/work/gobject-introspection-1.72.0-build/meson-logs/meson-log.txt[0m
 [31;01m*[0m ERROR: dev-libs/gobject-introspection-1.72.0::gentoo failed (configure phase):
 [31;01m*[0m   (no error message)
 [31;01m*[0m 
 [31;01m*[0m Call stack:
 [31;01m*[0m     ebuild.sh, line  122:  Called src_configure
 [31;01m*[0m   environment, line 2578:  Called meson_src_configure
 [31;01m*[0m   environment, line 1882:  Called die
 [31;01m*[0m The specific snippet of code:
 [31;01m*[0m       "${mesonargs[@]}" ) || die
 [31;01m*[0m 
 [31;01m*[0m If you need support, post the output of `emerge --info '=dev-libs/gobject-introspection-1.72.0::gentoo'`,
 [31;01m*[0m the complete build log and the output of `emerge -pqv '=dev-libs/gobject-introspection-1.72.0::gentoo'`.
 [31;01m*[0m The complete build log is located at '/etc/portage/package.log/build/dev-libs/gobject-introspection-1.72.0:20220714-014151.log'.
 [31;01m*[0m For convenience, a symlink to the build log is located at '/etc/portage/package.tmp/portage/dev-libs/gobject-introspection-1.72.0/temp/build.log'.
 [31;01m*[0m The ebuild environment file is located at '/etc/portage/package.tmp/portage/dev-libs/gobject-introspection-1.72.0/temp/environment'.
 [31;01m*[0m Working directory: '/etc/portage/package.tmp/portage/dev-libs/gobject-introspection-1.72.0/work/gobject-introspection-1.72.0'
 [31;01m*[0m S: '/etc/portage/package.tmp/portage/dev-libs/gobject-introspection-1.72.0/work/gobject-introspection-1.72.0'
